1619710688704	geckodriver	INFO	Listening on 127.0.0.1:46029
1619710688706	mozrunner::runner	INFO	Running command: "/usr/bin/firefox" "--marionette" "-foreground" "-no-remote" "-profile" "/tmp/rust_mozprofileOiTvLf"
1619710689084	Marionette	INFO	Marionette enabled
console.warn: SearchSettings: "get: No settings file exists, new profile?" (new Error("", "(unknown module)"))
1619710691377	Marionette	INFO	Listening on port 34755
1619710691466	Marionette	WARN	TLS certificate errors will be ignored for this session
JavaScript error: resource://gre/actors/AutoCompleteChild.jsm, line 125: Error: Invalid autocomplete selectedIndex
1619710699774	Marionette	INFO	Stopped listening on port 34755

###!!! [Parent][RunMessage] Error: Channel closing: too late to send/recv, messages will be lost

1619710707875	geckodriver	INFO	Listening on 127.0.0.1:46399
1619710707878	mozrunner::runner	INFO	Running command: "/usr/bin/firefox" "--marionette" "-foreground" "-no-remote" "-profile" "/tmp/rust_mozprofileyNmR8p"
1619710708267	Marionette	INFO	Marionette enabled
console.warn: SearchSettings: "get: No settings file exists, new profile?" (new Error("", "(unknown module)"))
1619710709619	Marionette	INFO	Listening on port 40449
1619710709712	Marionette	WARN	TLS certificate errors will be ignored for this session
JavaScript error: resource://gre/actors/AutoCompleteChild.jsm, line 125: Error: Invalid autocomplete selectedIndex
1619710712342	Marionette	INFO	Stopped listening on port 40449
1619710733259	geckodriver	INFO	Listening on 127.0.0.1:45595
1619710733262	mozrunner::runner	INFO	Running command: "/usr/bin/firefox" "--marionette" "-foreground" "-no-remote" "-profile" "/tmp/rust_mozprofileGYQBnw"
1619710733633	Marionette	INFO	Marionette enabled
console.warn: SearchSettings: "get: No settings file exists, new profile?" (new Error("", "(unknown module)"))
1619710734833	Marionette	INFO	Listening on port 38535
1619710734882	Marionette	WARN	TLS certificate errors will be ignored for this session
JavaScript error: resource://gre/actors/AutoCompleteChild.jsm, line 125: Error: Invalid autocomplete selectedIndex
1619710736771	Marionette	INFO	Stopped listening on port 38535
1619710814364	geckodriver	INFO	Listening on 127.0.0.1:35445
1619710814367	mozrunner::runner	INFO	Running command: "/usr/bin/firefox" "--marionette" "-foreground" "-no-remote" "-profile" "/tmp/rust_mozprofilekq4PJB"
1619710814743	Marionette	INFO	Marionette enabled
console.warn: SearchSettings: "get: No settings file exists, new profile?" (new Error("", "(unknown module)"))
1619710816027	Marionette	INFO	Listening on port 44559
1619710816087	Marionette	WARN	TLS certificate errors will be ignored for this session
console.warn: services.settings: main/cfr-fxa sync interrupted by shutdown
console.warn: services.settings: main/partitioning-exempt-urls sync interrupted by shutdown
1619710817554	Marionette	INFO	Stopped listening on port 44559
1619712245098	geckodriver	INFO	Listening on 127.0.0.1:40605
1619712245101	mozrunner::runner	INFO	Running command: "/usr/bin/firefox" "--marionette" "-foreground" "-no-remote" "-profile" "/tmp/rust_mozprofileiDwtjl"
1619712245489	Marionette	INFO	Marionette enabled
console.warn: SearchSettings: "get: No settings file exists, new profile?" (new Error("", "(unknown module)"))
1619712247176	Marionette	INFO	Listening on port 38367
1619712247268	Marionette	WARN	TLS certificate errors will be ignored for this session
1619712257859	Marionette	INFO	Stopped listening on port 38367

###!!! [Parent][RunMessage] Error: Channel closing: too late to send/recv, messages will be lost

1619712338127	geckodriver	INFO	Listening on 127.0.0.1:52733
1619712338130	mozrunner::runner	INFO	Running command: "/usr/bin/firefox" "--marionette" "-foreground" "-no-remote" "-profile" "/tmp/rust_mozprofile2yjuer"
1619712338506	Marionette	INFO	Marionette enabled
console.warn: SearchSettings: "get: No settings file exists, new profile?" (new Error("", "(unknown module)"))
1619712339738	Marionette	INFO	Listening on port 37807
1619712339904	Marionette	WARN	TLS certificate errors will be ignored for this session
1619712364690	Marionette	INFO	Stopped listening on port 37807
1619712456456	geckodriver	INFO	Listening on 127.0.0.1:58527
1619712456459	mozrunner::runner	INFO	Running command: "/usr/bin/firefox" "--marionette" "-foreground" "-no-remote" "-profile" "/tmp/rust_mozprofilecGOs2Z"
1619712456829	Marionette	INFO	Marionette enabled
console.warn: SearchSettings: "get: No settings file exists, new profile?" (new Error("", "(unknown module)"))
1619712458295	Marionette	INFO	Listening on port 37765
1619712458380	Marionette	WARN	TLS certificate errors will be ignored for this session
1619712507107	geckodriver	INFO	Listening on 127.0.0.1:34695
1619712507110	mozrunner::runner	INFO	Running command: "/usr/bin/firefox" "--marionette" "-foreground" "-no-remote" "-profile" "/tmp/rust_mozprofileXx921a"
1619712507554	Marionette	INFO	Marionette enabled
console.warn: SearchSettings: "get: No settings file exists, new profile?" (new Error("", "(unknown module)"))
1619712509448	Marionette	INFO	Listening on port 39729
1619712509573	Marionette	WARN	TLS certificate errors will be ignored for this session
1619712539613	geckodriver	INFO	Listening on 127.0.0.1:33393
1619712539616	mozrunner::runner	INFO	Running command: "/usr/bin/firefox" "--marionette" "-foreground" "-no-remote" "-profile" "/tmp/rust_mozprofile62FHIA"
1619712540005	Marionette	INFO	Marionette enabled
console.warn: SearchSettings: "get: No settings file exists, new profile?" (new Error("", "(unknown module)"))
1619712542455	Marionette	INFO	Listening on port 37921
1619712542503	Marionette	WARN	TLS certificate errors will be ignored for this session
JavaScript error: resource://gre/actors/AutoCompleteChild.jsm, line 125: Error: Invalid autocomplete selectedIndex
1619712543956	Marionette	INFO	Stopped listening on port 37921
JavaScript error: resource://gre/modules/UrlClassifierListManager.jsm, line 691: TypeError: this.tablesData[table] is undefined

###!!! [Parent][RunMessage] Error: Channel closing: too late to send/recv, messages will be lost

1619712552004	geckodriver	INFO	Listening on 127.0.0.1:45037
1619712552007	mozrunner::runner	INFO	Running command: "/usr/bin/firefox" "--marionette" "-foreground" "-no-remote" "-profile" "/tmp/rust_mozprofile6YdmDo"
1619712552375	Marionette	INFO	Marionette enabled
console.warn: SearchSettings: "get: No settings file exists, new profile?" (new Error("", "(unknown module)"))
1619712553603	Marionette	INFO	Listening on port 44599
1619712553632	Marionette	WARN	TLS certificate errors will be ignored for this session
JavaScript error: resource://gre/actors/AutoCompleteChild.jsm, line 125: Error: Invalid autocomplete selectedIndex
1619712559719	Marionette	INFO	Stopped listening on port 44599
1619712982630	Marionette	INFO	Stopped listening on port 39729
1619712984541	Marionette	INFO	Stopped listening on port 37765
1619713086341	geckodriver	INFO	Listening on 127.0.0.1:54125
1619713086344	mozrunner::runner	INFO	Running command: "/usr/bin/firefox" "--marionette" "-foreground" "-no-remote" "-profile" "/tmp/rust_mozprofileqXRZ0T"
1619713086703	Marionette	INFO	Marionette enabled
console.warn: SearchSettings: "get: No settings file exists, new profile?" (new Error("", "(unknown module)"))
1619713088384	Marionette	INFO	Listening on port 39621
1619713088475	Marionette	WARN	TLS certificate errors will be ignored for this session
1619713090008	Marionette	INFO	Stopped listening on port 39621

###!!! [Parent][RunMessage] Error: Channel closing: too late to send/recv, messages will be lost

